# JRE version: Java(TM) SE Runtime Environment (17.0.5+9) (build 17.0.5+9-LTS-191)
# Java VM: Java HotSpot(TM) 64-Bit Server VM (17.0.5+9-LTS-191, mixed mode, emulated-client, sharing, tiered, compressed oops, compressed class ptrs, g1 gc, windows-amd64)
GC Precious Log:
 CPUs: 12 total, 12 available
 Memory: 16226M
 Large Page Support: Disabled
 NUMA Support: Disabled
 Compressed Oops: Enabled (Zero based)
 Heap Region Size: 2M
 Heap Min Capacity: 8M
 Heap Initial Capacity: 254M
 Heap Max Capacity: 4058M
 Pre-touch: Disabled
 Parallel Workers: 10
 Concurrent Workers: 3
 Concurrent Refinement Workers: 10
 Periodic GC: Disabled
Heap:
 garbage-first heap   total 61440K, used 22228K [0x0000000702600000, 0x0000000800000000)
  region size 2048K, 1 young (2048K), 1 survivors (2048K)
 Metaspace       used 44883K, committed 45312K, reserved 1089536K
  class space    used 6435K, committed 6656K, reserved 1048576K
GC Heap History (20 events):
Event: 1.527 GC heap after
{Heap after GC invocations=2 (full 0):
 garbage-first heap   total 260096K, used 8917K [0x0000000702600000, 0x0000000800000000)
  region size 2048K, 1 young (2048K), 1 survivors (2048K)
 Metaspace       used 10692K, committed 10944K, reserved 1064960K
  class space    used 1464K, committed 1600K, reserved 1048576K
}
Event: 2.401 GC heap before
{Heap before GC invocations=2 (full 0):
 garbage-first heap   total 260096K, used 78549K [0x0000000702600000, 0x0000000800000000)
  region size 2048K, 35 young (71680K), 1 survivors (2048K)
 Metaspace       used 21172K, committed 21504K, reserved 1073152K
  class space    used 2857K, committed 3008K, reserved 1048576K
}
Event: 2.406 GC heap after
{Heap after GC invocations=3 (full 0):
 garbage-first heap   total 260096K, used 13409K [0x0000000702600000, 0x0000000800000000)
  region size 2048K, 4 young (8192K), 4 survivors (8192K)
 Metaspace       used 21172K, committed 21504K, reserved 1073152K
  class space    used 2857K, committed 3008K, reserved 1048576K
}
Event: 2.409 GC heap before
{Heap before GC invocations=3 (full 0):
 garbage-first heap   total 260096K, used 13409K [0x0000000702600000, 0x0000000800000000)
  region size 2048K, 5 young (10240K), 4 survivors (8192K)
 Metaspace       used 21208K, committed 21504K, reserved 1073152K
  class space    used 2861K, committed 3008K, reserved 1048576K
}
Event: 2.413 GC heap after
{Heap after GC invocations=4 (full 0):
 garbage-first heap   total 260096K, used 13653K [0x0000000702600000, 0x0000000800000000)
  region size 2048K, 4 young (8192K), 4 survivors (8192K)
 Metaspace       used 21208K, committed 21504K, reserved 1073152K
  class space    used 2861K, committed 3008K, reserved 1048576K
}
Event: 2.830 GC heap before
{Heap before GC invocations=5 (full 0):
 garbage-first heap   total 61440K, used 42325K [0x0000000702600000, 0x0000000800000000)
  region size 2048K, 18 young (36864K), 4 survivors (8192K)
 Metaspace       used 23804K, committed 24192K, reserved 1073152K
  class space    used 3277K, committed 3456K, reserved 1048576K
}
Event: 2.835 GC heap after
{Heap after GC invocations=6 (full 0):
 garbage-first heap   total 61440K, used 16050K [0x0000000702600000, 0x0000000800000000)
  region size 2048K, 2 young (4096K), 2 survivors (4096K)
 Metaspace       used 23804K, committed 24192K, reserved 1073152K
  class space    used 3277K, committed 3456K, reserved 1048576K
}
Event: 2.871 GC heap before
{Heap before GC invocations=6 (full 0):
 garbage-first heap   total 61440K, used 16050K [0x0000000702600000, 0x0000000800000000)
  region size 2048K, 3 young (6144K), 2 survivors (4096K)
 Metaspace       used 24171K, committed 24576K, reserved 1073152K
  class space    used 3350K, committed 3584K, reserved 1048576K
}
Event: 2.874 GC heap after
{Heap after GC invocations=7 (full 0):
 garbage-first heap   total 61440K, used 16054K [0x0000000702600000, 0x0000000800000000)
  region size 2048K, 1 young (2048K), 1 survivors (2048K)
 Metaspace       used 24171K, committed 24576K, reserved 1073152K
  class space    used 3350K, committed 3584K, reserved 1048576K
}
Event: 3.229 GC heap before
{Heap before GC invocations=7 (full 0):
 garbage-first heap   total 61440K, used 40630K [0x0000000702600000, 0x0000000800000000)
  region size 2048K, 13 young (26624K), 1 survivors (2048K)
 Metaspace       used 27683K, committed 28160K, reserved 1073152K
  class space    used 3818K, committed 4032K, reserved 1048576K
}
Event: 3.231 GC heap after
{Heap after GC invocations=8 (full 0):
 garbage-first heap   total 61440K, used 17899K [0x0000000702600000, 0x0000000800000000)
  region size 2048K, 2 young (4096K), 2 survivors (4096K)
 Metaspace       used 27683K, committed 28160K, reserved 1073152K
  class space    used 3818K, committed 4032K, reserved 1048576K
}
Event: 3.634 GC heap before
{Heap before GC invocations=8 (full 0):
 garbage-first heap   total 61440K, used 42475K [0x0000000702600000, 0x0000000800000000)
  region size 2048K, 14 young (28672K), 2 survivors (4096K)
 Metaspace       used 32700K, committed 33216K, reserved 1081344K
  class space    used 4583K, committed 4800K, reserved 1048576K
}
Event: 3.637 GC heap after
{Heap after GC invocations=9 (full 0):
 garbage-first heap   total 61440K, used 19058K [0x0000000702600000, 0x0000000800000000)
  region size 2048K, 1 young (2048K), 1 survivors (2048K)
 Metaspace       used 32700K, committed 33216K, reserved 1081344K
  class space    used 4583K, committed 4800K, reserved 1048576K
}
Event: 3.892 GC heap before
{Heap before GC invocations=9 (full 0):
 garbage-first heap   total 61440K, used 27250K [0x0000000702600000, 0x0000000800000000)
  region size 2048K, 6 young (12288K), 1 survivors (2048K)
 Metaspace       used 35552K, committed 35968K, reserved 1081344K
  class space    used 4935K, committed 5120K, reserved 1048576K
}
Event: 3.894 GC heap after
{Heap after GC invocations=10 (full 0):
 garbage-first heap   total 61440K, used 19764K [0x0000000702600000, 0x0000000800000000)
  region size 2048K, 1 young (2048K), 1 survivors (2048K)
 Metaspace       used 35552K, committed 35968K, reserved 1081344K
  class space    used 4935K, committed 5120K, reserved 1048576K
}
Event: 4.383 GC heap before
{Heap before GC invocations=11 (full 0):
 garbage-first heap   total 61440K, used 44340K [0x0000000702600000, 0x0000000800000000)
  region size 2048K, 14 young (28672K), 1 survivors (2048K)
 Metaspace       used 41511K, committed 41984K, reserved 1089536K
  class space    used 5854K, committed 6080K, reserved 1048576K
}
Event: 4.387 GC heap after
{Heap after GC invocations=12 (full 0):
 garbage-first heap   total 61440K, used 21806K [0x0000000702600000, 0x0000000800000000)
  region size 2048K, 2 young (4096K), 2 survivors (4096K)
 Metaspace       used 41511K, committed 41984K, reserved 1089536K
  class space    used 5854K, committed 6080K, reserved 1048576K
}
Event: 4.448 GC heap before
{Heap before GC invocations=12 (full 0):
 garbage-first heap   total 61440K, used 21806K [0x0000000702600000, 0x0000000800000000)
  region size 2048K, 3 young (6144K), 2 survivors (4096K)
 Metaspace       used 42413K, committed 42816K, reserved 1089536K
  class space    used 5958K, committed 6144K, reserved 1048576K
}
Event: 4.454 GC heap after
{Heap after GC invocations=13 (full 0):
 garbage-first heap   total 61440K, used 21924K [0x0000000702600000, 0x0000000800000000)
  region size 2048K, 1 young (2048K), 1 survivors (2048K)
 Metaspace       used 42413K, committed 42816K, reserved 1089536K
  class space    used 5958K, committed 6144K, reserved 1048576K
}
Event: 4.760 GC heap before
{Heap before GC invocations=13 (full 0):
 garbage-first heap   total 61440K, used 44452K [0x0000000702600000, 0x0000000800000000)
  region size 2048K, 12 young (24576K), 1 survivors (2048K)
 Metaspace       used 44883K, committed 45312K, reserved 1089536K
  class space    used 6435K, committed 6656K, reserved 1048576K
}

